<?xml version="1.0" encoding="UTF-8"?>
<testng-results ignored="0" total="2" passed="2" failed="0" skipped="0">
  <reporter-output>
  </reporter-output>
  <suite started-at="2024-10-09T09:28:41 IST" name="Default suite" finished-at="2024-10-09T09:29:15 IST" duration-ms="33405">
    <groups>
    </groups>
    <test started-at="2024-10-09T09:28:41 IST" name="Default test" finished-at="2024-10-09T09:29:15 IST" duration-ms="33405">
      <class name="tests.SearchTest">
        <test-method is-config="true" signature="setupReport()[pri:0, instance:tests.SearchTest@53fe15ff]" started-at="2024-10-09T09:28:41 IST" name="setupReport" finished-at="2024-10-09T09:28:41 IST" duration-ms="467" status="PASS">
          <reporter-output>
          </reporter-output>
        </test-method> <!-- setupReport -->
        <test-method is-config="true" signature="setup()[pri:0, instance:tests.SearchTest@53fe15ff]" started-at="2024-10-09T09:28:41 IST" name="setup" finished-at="2024-10-09T09:28:52 IST" duration-ms="10906" status="PASS">
          <reporter-output>
          </reporter-output>
        </test-method> <!-- setup -->
        <test-method signature="test1()[pri:0, instance:tests.SearchTest@53fe15ff]" started-at="2024-10-09T09:28:52 IST" name="test1" finished-at="2024-10-09T09:29:04 IST" duration-ms="12168" status="PASS">
          <reporter-output>
          </reporter-output>
        </test-method> <!-- test1 -->
        <test-method signature="test2()[pri:0, instance:tests.SearchTest@53fe15ff]" started-at="2024-10-09T09:29:04 IST" name="test2" finished-at="2024-10-09T09:29:14 IST" duration-ms="9665" status="PASS">
          <reporter-output>
          </reporter-output>
        </test-method> <!-- test2 -->
        <test-method is-config="true" signature="tearDown()[pri:0, instance:tests.SearchTest@53fe15ff]" started-at="2024-10-09T09:29:14 IST" name="tearDown" finished-at="2024-10-09T09:29:15 IST" duration-ms="607" status="PASS">
          <reporter-output>
          </reporter-output>
        </test-method> <!-- tearDown -->
        <test-method is-config="true" signature="teardownReport()[pri:0, instance:tests.SearchTest@53fe15ff]" started-at="2024-10-09T09:29:15 IST" name="teardownReport" finished-at="2024-10-09T09:29:15 IST" duration-ms="316" status="PASS">
          <reporter-output>
          </reporter-output>
        </test-method> <!-- teardownReport -->
      </class> <!-- tests.SearchTest -->
    </test> <!-- Default test -->
  </suite> <!-- Default suite -->
</testng-results>
